<?xml version="1.0" encoding="UTF-8"?>
<!-- Generated by org.testng.reporters.JUnitXMLReporter -->
<testsuite ignored="0" hostname="Salah" failures="0" tests="3" name="Default test" time="36.837" errors="0" timestamp="2022-09-07T00:10:05 EET">
  <testcase classname="test.UserResgistrationTest" name="RegisterWithNullData" time="10.961"/>
  <testcase classname="test.UserResgistrationTest" name="ResgisterWithValidData" time="16.9"/>
  <testcase classname="test.UserResgistrationTest" name="RegisterWithAlreadyRegisteredMail" time="8.943"/>
</testsuite> <!-- Default test -->
